TN:
SF:src/app.js
FN:20,(anonymous_0)
FNF:1
FNH:0
FNDA:0,(anonymous_0)
DA:1,4
DA:2,4
DA:3,4
DA:4,4
DA:5,4
DA:6,4
DA:7,4
DA:8,4
DA:9,4
DA:11,4
DA:15,4
DA:16,4
DA:17,4
DA:18,4
DA:20,4
DA:21,4
DA:22,4
DA:23,4
DA:24,4
DA:25,4
DA:26,4
DA:28,4
LF:22
LH:22
BRDA:17,0,0,0
BRDA:17,0,1,4
BRF:2
BRH:1
end_of_record
TN:
SF:src/config.js
FN:5,required
FNF:1
FNH:1
FNDA:15,required
DA:1,5
DA:3,5
DA:6,15
DA:7,15
DA:8,15
DA:11,5
LF:6
LH:6
BRDA:7,0,0,0
BRDA:7,0,1,15
BRDA:12,1,0,5
BRDA:12,1,1,5
BRDA:13,2,0,5
BRDA:13,2,1,0
BRDA:14,3,0,5
BRDA:14,3,1,0
BRDA:16,4,0,5
BRDA:16,4,1,0
BRDA:18,5,0,5
BRDA:18,5,1,0
BRDA:19,6,0,5
BRDA:19,6,1,0
BRDA:21,7,0,5
BRDA:21,7,1,0
BRDA:23,8,0,5
BRDA:23,8,1,0
BRF:18
BRH:10
end_of_record
TN:
SF:src/db.js
FNF:0
FNH:0
DA:1,4
DA:2,4
DA:4,4
DA:13,4
LF:4
LH:4
BRF:0
BRH:0
end_of_record
TN:
SF:src/errors.js
FN:2,(anonymous_0)
FN:9,(anonymous_1)
FN:9,(anonymous_2)
FNF:3
FNH:3
FNDA:24,(anonymous_0)
FNDA:72,(anonymous_1)
FNDA:44,(anonymous_2)
DA:3,24
DA:4,24
DA:5,24
DA:9,72
DA:10,44
DA:13,5
LF:6
LH:6
BRF:0
BRH:0
end_of_record
TN:
SF:src/validation.js
FN:5,objectBody
FN:10,rejectUnknown
FN:11,(anonymous_2)
FN:15,text
FN:24,boolean
FN:30,idArray
FN:33,(anonymous_6)
FN:34,(anonymous_7)
FN:38,tags
FN:41,(anonymous_9)
FN:45,parseId
FN:51,nullableId
FNF:12
FNH:12
FNDA:23,objectBody
FNDA:36,rejectUnknown
FNDA:69,(anonymous_2)
FNDA:50,text
FNDA:9,boolean
FNDA:9,idArray
FNDA:3,(anonymous_6)
FNDA:3,(anonymous_7)
FNDA:8,tags
FNDA:2,(anonymous_9)
FNDA:18,parseId
FNDA:13,nullableId
DA:1,4
DA:3,4
DA:6,23
DA:7,23
DA:11,69
DA:12,36
DA:16,50
DA:17,41
DA:18,39
DA:19,39
DA:20,39
DA:21,39
DA:25,9
DA:26,0
DA:27,0
DA:31,9
DA:32,4
DA:33,3
DA:34,3
DA:35,3
DA:39,8
DA:40,1
DA:41,2
DA:42,1
DA:46,18
DA:47,18
DA:48,18
DA:52,13
DA:53,3
DA:54,3
DA:57,4
LF:31
LH:29
BRDA:6,0,0,0
BRDA:6,0,1,23
BRDA:6,1,0,23
BRDA:6,1,1,23
BRDA:6,1,2,23
BRDA:12,2,0,2
BRDA:12,2,1,34
BRDA:15,3,0,6
BRDA:15,4,0,34
BRDA:15,5,0,23
BRDA:16,6,0,9
BRDA:16,6,1,41
BRDA:16,7,0,50
BRDA:16,7,1,10
BRDA:17,8,0,2
BRDA:17,8,1,39
BRDA:19,9,0,0
BRDA:19,9,1,39
BRDA:20,10,0,0
BRDA:20,10,1,39
BRDA:20,11,0,39
BRDA:20,11,1,26
BRDA:24,12,0,0
BRDA:25,13,0,9
BRDA:25,13,1,0
BRDA:25,14,0,9
BRDA:25,14,1,9
BRDA:26,15,0,0
BRDA:26,15,1,0
BRDA:30,16,0,0
BRDA:31,17,0,5
BRDA:31,17,1,4
BRDA:31,18,0,9
BRDA:31,18,1,5
BRDA:32,19,0,1
BRDA:32,19,1,3
BRDA:34,20,0,0
BRDA:34,20,1,3
BRDA:34,21,0,3
BRDA:34,21,1,3
BRDA:38,22,0,0
BRDA:39,23,0,7
BRDA:39,23,1,1
BRDA:39,24,0,8
BRDA:39,24,1,7
BRDA:40,25,0,0
BRDA:40,25,1,1
BRDA:45,26,0,12
BRDA:47,27,0,0
BRDA:47,27,1,18
BRDA:47,28,0,18
BRDA:47,28,1,18
BRDA:51,29,0,0
BRDA:52,30,0,10
BRDA:52,30,1,3
BRDA:52,31,0,13
BRDA:52,31,1,10
BRDA:53,32,0,0
BRDA:53,32,1,3
BRF:59
BRH:45
end_of_record
TN:
SF:src/middleware/auth.js
FN:8,authMiddleware
FNF:1
FNH:1
FNDA:3,authMiddleware
DA:1,2
DA:2,2
DA:3,2
DA:9,3
DA:12,3
DA:13,1
DA:17,2
DA:19,2
DA:21,2
DA:24,1
DA:28,1
DA:29,0
DA:32,1
DA:35,1
DA:36,0
DA:38,1
DA:43,2
LF:17
LH:15
BRDA:12,0,0,1
BRDA:12,0,1,2
BRDA:12,1,0,3
BRDA:12,1,1,2
BRDA:21,2,0,2
BRDA:21,2,1,0
BRDA:25,3,0,1
BRDA:25,3,1,0
BRDA:28,4,0,0
BRDA:28,4,1,1
BRDA:35,5,0,0
BRDA:35,5,1,1
BRF:12
BRH:8
end_of_record
TN:
SF:src/middleware/errors.js
FN:3,notFound
FN:7,errorHandler
FNF:2
FNH:1
FNDA:0,notFound
FNDA:23,errorHandler
DA:1,4
DA:4,0
DA:8,23
DA:9,0
DA:12,23
DA:13,23
DA:14,23
DA:15,23
DA:16,23
DA:19,4
LF:10
LH:8
BRDA:8,0,0,0
BRDA:8,0,1,23
BRDA:12,1,0,23
BRDA:12,1,1,0
BRDA:13,2,0,0
BRDA:13,2,1,23
BRDA:14,3,0,0
BRDA:14,3,1,23
BRDA:15,4,0,0
BRDA:15,4,1,23
BRDA:15,5,0,23
BRDA:15,5,1,0
BRF:12
BRH:6
end_of_record
TN:
SF:src/routes/auth.js
FN:11,email
FN:17,(anonymous_1)
FN:32,(anonymous_2)
FNF:3
FNH:3
FNDA:3,email
FNDA:2,(anonymous_1)
FNDA:2,(anonymous_2)
DA:1,4
DA:2,4
DA:3,4
DA:4,4
DA:5,4
DA:6,4
DA:7,4
DA:9,4
DA:12,3
DA:13,3
DA:14,3
DA:17,4
DA:18,2
DA:19,2
DA:20,2
DA:21,1
DA:22,1
DA:23,1
DA:25,1
DA:29,1
DA:32,4
DA:33,2
DA:34,2
DA:35,2
DA:36,2
DA:38,2
DA:39,2
DA:40,2
DA:42,1
DA:43,1
DA:46,4
LF:31
LH:31
BRDA:13,0,0,0
BRDA:13,0,1,3
BRDA:40,1,0,1
BRDA:40,1,1,1
BRDA:40,2,0,2
BRDA:40,2,1,1
BRF:6
BRH:5
end_of_record
TN:
SF:src/routes/folders.js
FN:18,getFolder
FN:24,assertParent
FN:42,(anonymous_2)
FN:59,(anonymous_3)
FN:68,(anonymous_4)
FN:79,(anonymous_5)
FN:83,update
FN:95,(anonymous_7)
FN:98,(anonymous_8)
FN:100,(anonymous_9)
FN:101,(anonymous_10)
FN:108,(anonymous_11)
FN:109,(anonymous_12)
FN:111,(anonymous_13)
FNF:14
FNH:14
FNDA:7,getFolder
FNDA:3,assertParent
FNDA:2,(anonymous_2)
FNDA:3,(anonymous_3)
FNDA:1,(anonymous_4)
FNDA:1,(anonymous_5)
FNDA:3,update
FNDA:3,(anonymous_7)
FNDA:4,(anonymous_8)
FNDA:3,(anonymous_9)
FNDA:3,(anonymous_10)
FNDA:1,(anonymous_11)
FNDA:2,(anonymous_12)
FNDA:2,(anonymous_13)
DA:1,4
DA:2,4
DA:3,4
DA:4,4
DA:5,4
DA:9,4
DA:10,4
DA:12,4
DA:19,7
DA:20,7
DA:21,7
DA:25,3
DA:26,1
DA:27,0
DA:28,0
DA:29,0
DA:31,0
DA:39,0
DA:42,4
DA:43,2
DA:44,2
DA:45,2
DA:46,2
DA:47,1
DA:48,1
DA:49,0
DA:50,0
DA:52,2
DA:56,2
DA:59,4
DA:60,3
DA:61,3
DA:62,2
DA:63,1
DA:66,1
DA:68,1
DA:69,1
DA:70,1
DA:74,1
DA:76,1
DA:79,4
DA:80,1
DA:84,3
DA:85,3
DA:86,3
DA:87,3
DA:88,3
DA:89,3
DA:90,3
DA:93,3
DA:95,3
DA:96,3
DA:97,3
DA:98,4
DA:99,2
DA:100,3
DA:101,3
DA:103,2
DA:105,2
DA:108,4
DA:109,4
DA:111,4
DA:112,2
DA:116,2
DA:117,1
DA:120,4
LF:66
LH:59
BRDA:18,0,0,1
BRDA:20,1,0,0
BRDA:20,1,1,7
BRDA:25,2,0,2
BRDA:25,2,1,1
BRDA:26,3,0,1
BRDA:26,3,1,0
BRDA:28,4,0,0
BRDA:28,4,1,0
BRDA:29,5,0,0
BRDA:29,5,1,0
BRDA:39,6,0,0
BRDA:39,6,1,0
BRDA:46,7,0,1
BRDA:46,7,1,1
BRDA:48,8,0,0
BRDA:48,8,1,1
BRDA:63,9,0,1
BRDA:63,9,1,1
BRDA:89,10,0,1
BRDA:89,10,1,2
BRDA:89,11,0,3
BRDA:89,11,1,1
BRDA:90,12,0,0
BRDA:90,12,1,3
BRDA:90,13,0,3
BRDA:90,13,1,2
BRDA:90,13,2,1
BRDA:97,14,0,2
BRDA:97,14,1,1
BRDA:116,15,0,1
BRDA:116,15,1,1
BRF:32
BRH:22
end_of_record
TN:
SF:src/routes/todos.js
FN:13,todoInput
FN:37,(anonymous_1)
FN:86,(anonymous_2)
FN:88,(anonymous_3)
FN:100,searchDate
FN:108,(anonymous_5)
FN:190,(anonymous_6)
FN:194,update
FN:197,(anonymous_8)
FN:202,(anonymous_9)
FN:207,(anonymous_10)
FN:208,(anonymous_11)
FN:220,(anonymous_12)
FN:221,(anonymous_13)
FN:223,(anonymous_14)
FNF:15
FNH:15
FNDA:9,todoInput
FNDA:4,(anonymous_1)
FNDA:5,(anonymous_2)
FNDA:3,(anonymous_3)
FNDA:5,searchDate
FNDA:7,(anonymous_5)
FNDA:1,(anonymous_6)
FNDA:4,update
FNDA:28,(anonymous_8)
FNDA:4,(anonymous_9)
FNDA:5,(anonymous_10)
FNDA:5,(anonymous_11)
FNDA:1,(anonymous_12)
FNDA:3,(anonymous_13)
FNDA:1,(anonymous_14)
DA:1,4
DA:2,4
DA:3,4
DA:4,4
DA:7,4
DA:8,4
DA:10,4
DA:11,4
DA:14,9
DA:15,9
DA:16,9
DA:25,8
DA:26,1
DA:28,7
DA:29,4
DA:30,4
DA:31,4
DA:32,4
DA:34,7
DA:37,4
DA:38,4
DA:39,4
DA:40,4
DA:41,4
DA:43,3
DA:44,3
DA:45,3
DA:46,1
DA:47,1
DA:48,1
DA:50,3
DA:51,2
DA:52,1
DA:53,1
DA:55,2
DA:56,1
DA:57,1
DA:58,0
DA:59,0
DA:61,2
DA:62,0
DA:63,0
DA:64,0
DA:66,2
DA:67,1
DA:68,1
DA:69,1
DA:72,2
DA:73,2
DA:74,2
DA:75,2
DA:80,2
DA:86,4
DA:87,5
DA:88,3
DA:89,3
DA:90,2
DA:94,2
DA:95,2
DA:97,2
DA:101,5
DA:102,5
DA:103,5
DA:104,5
DA:105,4
DA:108,4
DA:109,7
DA:113,6
DA:114,6
DA:115,6
DA:117,6
DA:118,6
DA:119,6
DA:120,1
DA:121,1
DA:122,1
DA:126,1
DA:128,6
DA:129,1
DA:130,1
DA:132,6
DA:133,1
DA:134,1
DA:136,6
DA:137,0
DA:138,0
DA:139,0
DA:141,6
DA:142,1
DA:143,1
DA:144,1
DA:146,6
DA:147,0
DA:148,6
DA:149,0
DA:150,0
DA:152,6
DA:153,0
DA:154,0
DA:155,0
DA:158,6
DA:159,5
DA:160,5
DA:161,4
DA:162,1
DA:163,1
DA:165,4
DA:166,1
DA:167,1
DA:170,4
DA:171,4
DA:172,4
DA:173,4
DA:174,3
DA:176,2
DA:177,2
DA:178,2
DA:179,2
DA:184,2
DA:190,4
DA:191,1
DA:195,4
DA:196,4
DA:197,28
DA:198,4
DA:199,0
DA:202,4
DA:203,4
DA:204,4
DA:205,4
DA:206,2
DA:207,5
DA:208,5
DA:211,4
DA:212,1
DA:214,4
DA:215,2
DA:217,2
DA:220,4
DA:221,4
DA:223,4
DA:224,1
DA:225,1
DA:226,1
DA:227,1
DA:230,4
LF:146
LH:131
BRDA:13,0,0,5
BRDA:20,1,0,3
BRDA:20,1,1,6
BRDA:20,2,0,9
BRDA:20,2,1,3
BRDA:25,3,0,1
BRDA:25,3,1,7
BRDA:25,4,0,8
BRDA:25,4,1,5
BRDA:28,5,0,4
BRDA:28,5,1,3
BRDA:39,6,0,3
BRDA:39,6,1,1
BRDA:40,7,0,2
BRDA:40,7,1,2
BRDA:41,8,0,1
BRDA:41,8,1,3
BRDA:45,9,0,1
BRDA:45,9,1,2
BRDA:46,10,0,0
BRDA:46,10,1,1
BRDA:50,11,0,2
BRDA:50,11,1,1
BRDA:51,12,0,1
BRDA:51,12,1,1
BRDA:55,13,0,1
BRDA:55,13,1,1
BRDA:57,14,0,0
BRDA:57,14,1,1
BRDA:61,15,0,0
BRDA:61,15,1,2
BRDA:66,16,0,1
BRDA:66,16,1,1
BRDA:100,17,0,3
BRDA:101,18,0,0
BRDA:101,18,1,5
BRDA:103,19,0,4
BRDA:103,19,1,1
BRDA:103,20,0,2
BRDA:103,20,1,2
BRDA:104,21,0,1
BRDA:104,21,1,4
BRDA:113,22,0,6
BRDA:113,22,1,0
BRDA:114,23,0,6
BRDA:114,23,1,0
BRDA:115,24,0,0
BRDA:115,24,1,6
BRDA:119,25,0,1
BRDA:119,25,1,5
BRDA:128,26,0,1
BRDA:128,26,1,5
BRDA:132,27,0,1
BRDA:132,27,1,5
BRDA:136,28,0,0
BRDA:136,28,1,6
BRDA:137,29,0,0
BRDA:137,29,1,0
BRDA:141,30,0,1
BRDA:141,30,1,5
BRDA:142,31,0,0
BRDA:142,31,1,1
BRDA:146,32,0,0
BRDA:146,32,1,6
BRDA:148,33,0,0
BRDA:148,33,1,6
BRDA:152,34,0,0
BRDA:152,34,1,6
BRDA:158,35,0,3
BRDA:158,35,1,3
BRDA:159,36,0,3
BRDA:159,36,1,2
BRDA:160,37,0,1
BRDA:160,37,1,4
BRDA:160,38,0,5
BRDA:160,38,1,2
BRDA:160,38,2,2
BRDA:161,39,0,1
BRDA:161,39,1,3
BRDA:165,40,0,1
BRDA:165,40,1,3
BRDA:171,41,0,4
BRDA:171,41,1,2
BRDA:172,42,0,4
BRDA:172,42,1,2
BRDA:173,43,0,1
BRDA:173,43,1,3
BRDA:174,44,0,1
BRDA:174,44,1,2
BRDA:197,45,0,28
BRDA:197,45,1,16
BRDA:198,46,0,0
BRDA:198,46,1,4
BRDA:198,47,0,4
BRDA:198,47,1,3
BRDA:198,47,2,2
BRDA:198,47,3,2
BRDA:198,47,4,0
BRDA:204,48,0,1
BRDA:204,48,1,3
BRDA:205,49,0,2
BRDA:205,49,1,2
BRDA:211,50,0,1
BRDA:211,50,1,3
BRDA:226,51,0,0
BRDA:226,51,1,1
BRF:106
BRH:89
end_of_record
TN:
SF:src/routes/users.js
FN:10,email
FN:19,(anonymous_1)
FN:25,(anonymous_2)
FN:35,(anonymous_3)
FN:36,(anonymous_4)
FN:36,(anonymous_5)
FN:41,(anonymous_6)
FNF:7
FNH:7
FNDA:3,email
FNDA:2,(anonymous_1)
FNDA:4,(anonymous_2)
FNDA:6,(anonymous_3)
FNDA:3,(anonymous_4)
FNDA:3,(anonymous_5)
FNDA:1,(anonymous_6)
DA:1,4
DA:2,4
DA:3,4
DA:4,4
DA:5,4
DA:6,4
DA:8,4
DA:11,3
DA:12,3
DA:13,2
DA:14,1
DA:17,4
DA:19,4
DA:20,2
DA:21,2
DA:22,1
DA:25,4
DA:26,4
DA:27,4
DA:28,4
DA:30,3
DA:35,6
DA:36,3
DA:37,2
DA:38,2
DA:41,4
DA:42,1
DA:43,1
DA:46,4
LF:29
LH:29
BRDA:10,0,0,0
BRDA:12,1,0,1
BRDA:12,1,1,2
BRDA:13,2,0,1
BRDA:13,2,1,1
BRDA:21,3,0,1
BRDA:21,3,1,1
BRDA:28,4,0,1
BRDA:28,4,1,3
BRDA:33,5,0,1
BRDA:33,5,1,1
BRF:11
BRH:10
end_of_record
TN:
SF:src/services/todos.js
FN:4,hydrateTodos
FN:6,(anonymous_1)
FN:7,(anonymous_2)
FN:12,(anonymous_3)
FN:13,(anonymous_4)
FN:14,(anonymous_5)
FN:15,(anonymous_6)
FN:16,(anonymous_7)
FN:24,getTodo
FN:33,assertFolder
FN:39,assertParents
FN:41,(anonymous_11)
FN:61,replaceRelations
FN:66,(anonymous_13)
FN:79,transaction
FNF:15
FNH:15
FNDA:12,hydrateTodos
FNDA:13,(anonymous_1)
FNDA:13,(anonymous_2)
FNDA:13,(anonymous_3)
FNDA:13,(anonymous_4)
FNDA:1,(anonymous_5)
FNDA:2,(anonymous_6)
FNDA:13,(anonymous_7)
FNDA:9,getTodo
FNDA:4,assertFolder
FNDA:5,assertParents
FNDA:3,(anonymous_11)
FNDA:6,replaceRelations
FNDA:1,(anonymous_13)
FNDA:11,transaction
DA:1,4
DA:2,4
DA:5,12
DA:6,13
DA:7,13
DA:8,12
DA:12,13
DA:13,13
DA:14,12
DA:15,12
DA:16,13
DA:25,9
DA:29,9
DA:30,8
DA:34,4
DA:35,2
DA:36,2
DA:40,5
DA:41,3
DA:42,3
DA:46,3
DA:47,3
DA:48,3
DA:50,2
DA:58,2
DA:62,6
DA:63,5
DA:64,3
DA:65,3
DA:66,1
DA:69,4
DA:70,3
DA:71,3
DA:72,2
DA:73,2
DA:74,2
DA:80,11
DA:81,11
DA:82,11
DA:83,11
DA:84,7
DA:85,7
DA:87,4
DA:88,4
DA:90,11
DA:94,4
LF:46
LH:46
BRDA:4,0,0,4
BRDA:5,1,0,0
BRDA:5,1,1,12
BRDA:24,2,0,1
BRDA:29,3,0,1
BRDA:29,3,1,8
BRDA:33,4,0,0
BRDA:34,5,0,2
BRDA:34,5,1,2
BRDA:36,6,0,1
BRDA:36,6,1,1
BRDA:40,7,0,2
BRDA:40,7,1,3
BRDA:46,8,0,0
BRDA:46,8,1,3
BRDA:47,9,0,0
BRDA:47,9,1,3
BRDA:48,10,0,1
BRDA:48,10,1,2
BRDA:58,11,0,1
BRDA:58,11,1,1
BRDA:62,12,0,5
BRDA:62,12,1,1
BRDA:65,13,0,1
BRDA:65,13,1,2
BRDA:69,14,0,3
BRDA:69,14,1,1
BRF:27
BRH:23
end_of_record
