TN:
SF:src/app.js
FN:20,(anonymous_0)
FNF:1
FNH:0
FNDA:0,(anonymous_0)
DA:1,1
DA:2,1
DA:3,1
DA:4,1
DA:5,1
DA:6,1
DA:7,1
DA:8,1
DA:9,1
DA:11,1
DA:15,1
DA:16,1
DA:17,1
DA:18,1
DA:20,1
DA:21,1
DA:22,1
DA:23,1
DA:24,1
DA:25,1
DA:26,1
DA:28,1
LF:22
LH:22
BRDA:17,0,0,0
BRDA:17,0,1,1
BRF:2
BRH:1
end_of_record
TN:
SF:src/config.js
FN:5,required
FNF:1
FNH:1
FNDA:3,required
DA:1,1
DA:3,1
DA:6,3
DA:7,3
DA:8,3
DA:11,1
LF:6
LH:6
BRDA:7,0,0,0
BRDA:7,0,1,3
BRDA:12,1,0,1
BRDA:12,1,1,1
BRDA:13,2,0,1
BRDA:13,2,1,0
BRDA:14,3,0,1
BRDA:14,3,1,0
BRDA:16,4,0,1
BRDA:16,4,1,0
BRDA:18,5,0,1
BRDA:18,5,1,0
BRDA:19,6,0,1
BRDA:19,6,1,0
BRDA:21,7,0,1
BRDA:21,7,1,0
BRDA:23,8,0,1
BRDA:23,8,1,0
BRF:18
BRH:10
end_of_record
TN:
SF:src/db.js
FNF:0
FNH:0
DA:1,1
DA:2,1
DA:4,1
DA:13,1
LF:4
LH:4
BRF:0
BRH:0
end_of_record
TN:
SF:src/errors.js
FN:2,(anonymous_0)
FN:9,(anonymous_1)
FN:9,(anonymous_2)
FNF:3
FNH:3
FNDA:5,(anonymous_0)
FNDA:18,(anonymous_1)
FNDA:9,(anonymous_2)
DA:3,5
DA:4,5
DA:5,5
DA:9,18
DA:10,9
DA:13,1
LF:6
LH:6
BRF:0
BRH:0
end_of_record
TN:
SF:src/server.js
FN:5,start
FN:7,(anonymous_1)
FN:11,shutdown
FN:13,(anonymous_3)
FN:18,(anonymous_4)
FN:19,(anonymous_5)
FN:22,(anonymous_6)
FNF:7
FNH:0
FNDA:0,start
FNDA:0,(anonymous_1)
FNDA:0,shutdown
FNDA:0,(anonymous_3)
FNDA:0,(anonymous_4)
FNDA:0,(anonymous_5)
FNDA:0,(anonymous_6)
DA:1,0
DA:2,0
DA:3,0
DA:6,0
DA:7,0
DA:8,0
DA:12,0
DA:13,0
DA:14,0
DA:15,0
DA:18,0
DA:19,0
DA:22,0
DA:23,0
DA:24,0
LF:15
LH:0
BRF:0
BRH:0
end_of_record
TN:
SF:src/validation.js
FN:5,objectBody
FN:10,rejectUnknown
FN:11,(anonymous_2)
FN:15,text
FN:24,boolean
FN:30,idArray
FN:33,(anonymous_6)
FN:34,(anonymous_7)
FN:38,tags
FN:41,(anonymous_9)
FN:45,parseId
FN:51,nullableId
FNF:12
FNH:9
FNDA:2,objectBody
FNDA:7,rejectUnknown
FNDA:9,(anonymous_2)
FNDA:5,text
FNDA:1,boolean
FNDA:1,idArray
FNDA:0,(anonymous_6)
FNDA:0,(anonymous_7)
FNDA:1,tags
FNDA:0,(anonymous_9)
FNDA:2,parseId
FNDA:1,nullableId
DA:1,1
DA:3,1
DA:6,2
DA:7,2
DA:11,9
DA:12,7
DA:16,5
DA:17,5
DA:18,4
DA:19,4
DA:20,4
DA:21,4
DA:25,1
DA:26,0
DA:27,0
DA:31,1
DA:32,0
DA:33,0
DA:34,0
DA:35,0
DA:39,1
DA:40,0
DA:41,0
DA:42,0
DA:46,2
DA:47,2
DA:48,1
DA:52,1
DA:53,0
DA:54,0
DA:57,1
LF:31
LH:20
BRDA:6,0,0,0
BRDA:6,0,1,2
BRDA:6,1,0,2
BRDA:6,1,1,2
BRDA:6,1,2,2
BRDA:12,2,0,1
BRDA:12,2,1,6
BRDA:15,3,0,1
BRDA:15,4,0,4
BRDA:15,5,0,2
BRDA:16,6,0,0
BRDA:16,6,1,5
BRDA:16,7,0,5
BRDA:16,7,1,1
BRDA:17,8,0,1
BRDA:17,8,1,4
BRDA:19,9,0,0
BRDA:19,9,1,4
BRDA:20,10,0,0
BRDA:20,10,1,4
BRDA:20,11,0,4
BRDA:20,11,1,2
BRDA:24,12,0,0
BRDA:25,13,0,1
BRDA:25,13,1,0
BRDA:25,14,0,1
BRDA:25,14,1,1
BRDA:26,15,0,0
BRDA:26,15,1,0
BRDA:30,16,0,0
BRDA:31,17,0,1
BRDA:31,17,1,0
BRDA:31,18,0,1
BRDA:31,18,1,1
BRDA:32,19,0,0
BRDA:32,19,1,0
BRDA:34,20,0,0
BRDA:34,20,1,0
BRDA:34,21,0,0
BRDA:34,21,1,0
BRDA:38,22,0,0
BRDA:39,23,0,1
BRDA:39,23,1,0
BRDA:39,24,0,1
BRDA:39,24,1,1
BRDA:40,25,0,0
BRDA:40,25,1,0
BRDA:45,26,0,2
BRDA:47,27,0,1
BRDA:47,27,1,1
BRDA:47,28,0,2
BRDA:47,28,1,1
BRDA:51,29,0,0
BRDA:52,30,0,1
BRDA:52,30,1,0
BRDA:52,31,0,1
BRDA:52,31,1,1
BRDA:53,32,0,0
BRDA:53,32,1,0
BRF:59
BRH:35
end_of_record
TN:
SF:src/middleware/auth.js
FN:5,authenticate
FNF:1
FNH:0
FNDA:0,authenticate
DA:1,0
DA:2,0
DA:3,0
DA:6,0
DA:7,0
DA:9,0
DA:10,0
DA:11,0
DA:12,0
DA:14,0
DA:18,0
LF:11
LH:0
BRDA:6,0,0,0
BRDA:6,0,1,0
BRDA:7,1,0,0
BRDA:7,1,1,0
BRDA:7,2,0,0
BRDA:7,2,1,0
BRF:6
BRH:0
end_of_record
TN:
SF:src/middleware/errors.js
FN:3,notFound
FN:7,errorHandler
FNF:2
FNH:1
FNDA:0,notFound
FNDA:5,errorHandler
DA:1,1
DA:4,0
DA:8,5
DA:9,0
DA:12,5
DA:13,5
DA:14,5
DA:15,5
DA:16,5
DA:19,1
LF:10
LH:8
BRDA:8,0,0,0
BRDA:8,0,1,5
BRDA:12,1,0,5
BRDA:12,1,1,0
BRDA:13,2,0,0
BRDA:13,2,1,5
BRDA:14,3,0,0
BRDA:14,3,1,5
BRDA:15,4,0,0
BRDA:15,4,1,5
BRDA:15,5,0,5
BRDA:15,5,1,0
BRF:12
BRH:6
end_of_record
TN:
SF:src/routes/auth.js
FN:11,email
FN:17,(anonymous_1)
FN:32,(anonymous_2)
FNF:3
FNH:0
FNDA:0,email
FNDA:0,(anonymous_1)
FNDA:0,(anonymous_2)
DA:1,1
DA:2,1
DA:3,1
DA:4,1
DA:5,1
DA:6,1
DA:7,1
DA:9,1
DA:12,0
DA:13,0
DA:14,0
DA:17,1
DA:18,0
DA:19,0
DA:20,0
DA:21,0
DA:22,0
DA:23,0
DA:25,0
DA:29,0
DA:32,1
DA:33,0
DA:34,0
DA:35,0
DA:36,0
DA:38,0
DA:39,0
DA:40,0
DA:42,0
DA:43,0
DA:46,1
LF:31
LH:11
BRDA:13,0,0,0
BRDA:13,0,1,0
BRDA:40,1,0,0
BRDA:40,1,1,0
BRDA:40,2,0,0
BRDA:40,2,1,0
BRF:6
BRH:0
end_of_record
TN:
SF:src/routes/folders.js
FN:17,getFolder
FN:23,assertParent
FN:41,(anonymous_2)
FN:58,(anonymous_3)
FN:63,(anonymous_4)
FN:74,(anonymous_5)
FN:78,update
FN:87,(anonymous_7)
FN:90,(anonymous_8)
FN:92,(anonymous_9)
FN:93,(anonymous_10)
FN:100,(anonymous_11)
FN:101,(anonymous_12)
FN:103,(anonymous_13)
FNF:14
FNH:0
FNDA:0,getFolder
FNDA:0,assertParent
FNDA:0,(anonymous_2)
FNDA:0,(anonymous_3)
FNDA:0,(anonymous_4)
FNDA:0,(anonymous_5)
FNDA:0,update
FNDA:0,(anonymous_7)
FNDA:0,(anonymous_8)
FNDA:0,(anonymous_9)
FNDA:0,(anonymous_10)
FNDA:0,(anonymous_11)
FNDA:0,(anonymous_12)
FNDA:0,(anonymous_13)
DA:1,1
DA:2,1
DA:3,1
DA:4,1
DA:5,1
DA:6,1
DA:8,1
DA:9,1
DA:11,1
DA:18,0
DA:19,0
DA:20,0
DA:24,0
DA:25,0
DA:26,0
DA:27,0
DA:28,0
DA:30,0
DA:38,0
DA:41,1
DA:42,0
DA:43,0
DA:44,0
DA:45,0
DA:46,0
DA:47,0
DA:48,0
DA:49,0
DA:51,0
DA:55,0
DA:58,1
DA:59,0
DA:60,0
DA:61,0
DA:62,0
DA:63,0
DA:64,0
DA:65,0
DA:69,0
DA:71,0
DA:74,1
DA:75,0
DA:79,0
DA:80,0
DA:81,0
DA:82,0
DA:83,0
DA:84,0
DA:85,0
DA:87,0
DA:88,0
DA:89,0
DA:90,0
DA:91,0
DA:92,0
DA:93,0
DA:95,0
DA:97,0
DA:100,1
DA:101,1
DA:103,1
DA:104,0
DA:108,0
DA:109,0
DA:112,1
LF:65
LH:16
BRDA:17,0,0,0
BRDA:19,1,0,0
BRDA:19,1,1,0
BRDA:24,2,0,0
BRDA:24,2,1,0
BRDA:25,3,0,0
BRDA:25,3,1,0
BRDA:27,4,0,0
BRDA:27,4,1,0
BRDA:28,5,0,0
BRDA:28,5,1,0
BRDA:38,6,0,0
BRDA:38,6,1,0
BRDA:45,7,0,0
BRDA:45,7,1,0
BRDA:47,8,0,0
BRDA:47,8,1,0
BRDA:62,9,0,0
BRDA:62,9,1,0
BRDA:84,10,0,0
BRDA:84,10,1,0
BRDA:84,11,0,0
BRDA:84,11,1,0
BRDA:85,12,0,0
BRDA:85,12,1,0
BRDA:85,13,0,0
BRDA:85,13,1,0
BRDA:85,13,2,0
BRDA:89,14,0,0
BRDA:89,14,1,0
BRDA:108,15,0,0
BRDA:108,15,1,0
BRF:32
BRH:0
end_of_record
TN:
SF:src/routes/todos.js
FN:13,todoInput
FN:37,(anonymous_1)
FN:86,(anonymous_2)
FN:88,(anonymous_3)
FN:100,searchDate
FN:108,(anonymous_5)
FN:190,(anonymous_6)
FN:194,update
FN:197,(anonymous_8)
FN:202,(anonymous_9)
FN:207,(anonymous_10)
FN:208,(anonymous_11)
FN:220,(anonymous_12)
FN:221,(anonymous_13)
FN:223,(anonymous_14)
FNF:15
FNH:6
FNDA:2,todoInput
FNDA:1,(anonymous_1)
FNDA:2,(anonymous_2)
FNDA:1,(anonymous_3)
FNDA:0,searchDate
FNDA:4,(anonymous_5)
FNDA:2,(anonymous_6)
FNDA:0,update
FNDA:0,(anonymous_8)
FNDA:0,(anonymous_9)
FNDA:0,(anonymous_10)
FNDA:0,(anonymous_11)
FNDA:0,(anonymous_12)
FNDA:0,(anonymous_13)
FNDA:0,(anonymous_14)
DA:1,1
DA:2,1
DA:3,1
DA:4,1
DA:7,1
DA:8,1
DA:10,1
DA:11,1
DA:14,2
DA:15,2
DA:16,2
DA:25,1
DA:26,0
DA:28,1
DA:29,1
DA:30,1
DA:31,1
DA:32,1
DA:34,1
DA:37,1
DA:38,1
DA:39,1
DA:40,1
DA:41,1
DA:43,1
DA:44,1
DA:45,1
DA:46,0
DA:47,0
DA:48,0
DA:50,1
DA:51,0
DA:52,0
DA:53,0
DA:55,1
DA:56,0
DA:57,1
DA:58,0
DA:59,0
DA:61,1
DA:62,0
DA:63,0
DA:64,0
DA:66,1
DA:67,0
DA:68,0
DA:69,0
DA:72,1
DA:73,1
DA:74,1
DA:75,1
DA:80,1
DA:86,1
DA:87,2
DA:88,1
DA:89,1
DA:90,1
DA:94,1
DA:95,1
DA:97,1
DA:101,0
DA:102,0
DA:103,0
DA:104,0
DA:105,0
DA:108,1
DA:109,4
DA:113,3
DA:114,3
DA:115,3
DA:117,3
DA:118,3
DA:119,3
DA:120,1
DA:121,1
DA:122,1
DA:126,1
DA:128,3
DA:129,0
DA:130,0
DA:132,3
DA:133,0
DA:134,0
DA:136,3
DA:137,1
DA:138,1
DA:139,1
DA:141,3
DA:142,0
DA:143,0
DA:144,0
DA:146,3
DA:147,0
DA:148,3
DA:149,0
DA:150,0
DA:152,3
DA:153,0
DA:154,0
DA:155,0
DA:158,3
DA:159,3
DA:160,3
DA:161,3
DA:162,0
DA:163,0
DA:165,3
DA:166,0
DA:167,0
DA:170,3
DA:171,3
DA:172,3
DA:173,3
DA:174,2
DA:176,2
DA:177,2
DA:178,2
DA:179,2
DA:184,2
DA:190,1
DA:191,2
DA:195,0
DA:196,0
DA:197,0
DA:198,0
DA:199,0
DA:202,0
DA:203,0
DA:204,0
DA:205,0
DA:206,0
DA:207,0
DA:208,0
DA:211,0
DA:212,0
DA:214,0
DA:215,0
DA:217,0
DA:220,1
DA:221,1
DA:223,1
DA:224,0
DA:225,0
DA:226,0
DA:227,0
DA:230,1
LF:146
LH:87
BRDA:13,0,0,2
BRDA:20,1,0,0
BRDA:20,1,1,1
BRDA:20,2,0,1
BRDA:20,2,1,0
BRDA:25,3,0,0
BRDA:25,3,1,1
BRDA:25,4,0,1
BRDA:25,4,1,1
BRDA:28,5,0,1
BRDA:28,5,1,0
BRDA:39,6,0,1
BRDA:39,6,1,0
BRDA:40,7,0,1
BRDA:40,7,1,0
BRDA:41,8,0,0
BRDA:41,8,1,1
BRDA:45,9,0,0
BRDA:45,9,1,1
BRDA:46,10,0,0
BRDA:46,10,1,0
BRDA:50,11,0,0
BRDA:50,11,1,1
BRDA:51,12,0,0
BRDA:51,12,1,0
BRDA:55,13,0,0
BRDA:55,13,1,1
BRDA:57,14,0,0
BRDA:57,14,1,1
BRDA:61,15,0,0
BRDA:61,15,1,1
BRDA:66,16,0,0
BRDA:66,16,1,1
BRDA:100,17,0,0
BRDA:101,18,0,0
BRDA:101,18,1,0
BRDA:103,19,0,0
BRDA:103,19,1,0
BRDA:103,20,0,0
BRDA:103,20,1,0
BRDA:104,21,0,0
BRDA:104,21,1,0
BRDA:113,22,0,3
BRDA:113,22,1,0
BRDA:114,23,0,3
BRDA:114,23,1,0
BRDA:115,24,0,0
BRDA:115,24,1,3
BRDA:119,25,0,1
BRDA:119,25,1,2
BRDA:128,26,0,0
BRDA:128,26,1,3
BRDA:132,27,0,0
BRDA:132,27,1,3
BRDA:136,28,0,1
BRDA:136,28,1,2
BRDA:137,29,0,0
BRDA:137,29,1,1
BRDA:141,30,0,0
BRDA:141,30,1,3
BRDA:142,31,0,0
BRDA:142,31,1,0
BRDA:146,32,0,0
BRDA:146,32,1,3
BRDA:148,33,0,0
BRDA:148,33,1,3
BRDA:152,34,0,0
BRDA:152,34,1,3
BRDA:158,35,0,3
BRDA:158,35,1,0
BRDA:159,36,0,3
BRDA:159,36,1,0
BRDA:160,37,0,0
BRDA:160,37,1,3
BRDA:160,38,0,3
BRDA:160,38,1,0
BRDA:160,38,2,0
BRDA:161,39,0,0
BRDA:161,39,1,3
BRDA:165,40,0,0
BRDA:165,40,1,3
BRDA:171,41,0,3
BRDA:171,41,1,2
BRDA:172,42,0,3
BRDA:172,42,1,3
BRDA:173,43,0,1
BRDA:173,43,1,2
BRDA:174,44,0,0
BRDA:174,44,1,2
BRDA:197,45,0,0
BRDA:197,45,1,0
BRDA:198,46,0,0
BRDA:198,46,1,0
BRDA:198,47,0,0
BRDA:198,47,1,0
BRDA:198,47,2,0
BRDA:198,47,3,0
BRDA:198,47,4,0
BRDA:204,48,0,0
BRDA:204,48,1,0
BRDA:205,49,0,0
BRDA:205,49,1,0
BRDA:211,50,0,0
BRDA:211,50,1,0
BRDA:226,51,0,0
BRDA:226,51,1,0
BRF:106
BRH:43
end_of_record
TN:
SF:src/routes/users.js
FN:10,email
FN:19,(anonymous_1)
FN:25,(anonymous_2)
FN:35,(anonymous_3)
FN:36,(anonymous_4)
FN:36,(anonymous_5)
FN:41,(anonymous_6)
FNF:7
FNH:0
FNDA:0,email
FNDA:0,(anonymous_1)
FNDA:0,(anonymous_2)
FNDA:0,(anonymous_3)
FNDA:0,(anonymous_4)
FNDA:0,(anonymous_5)
FNDA:0,(anonymous_6)
DA:1,1
DA:2,1
DA:3,1
DA:4,1
DA:5,1
DA:6,1
DA:8,1
DA:11,0
DA:12,0
DA:13,0
DA:14,0
DA:17,1
DA:19,1
DA:20,0
DA:21,0
DA:22,0
DA:25,1
DA:26,0
DA:27,0
DA:28,0
DA:30,0
DA:35,0
DA:36,0
DA:37,0
DA:38,0
DA:41,1
DA:42,0
DA:43,0
DA:46,1
LF:29
LH:12
BRDA:10,0,0,0
BRDA:12,1,0,0
BRDA:12,1,1,0
BRDA:13,2,0,0
BRDA:13,2,1,0
BRDA:21,3,0,0
BRDA:21,3,1,0
BRDA:28,4,0,0
BRDA:28,4,1,0
BRDA:33,5,0,0
BRDA:33,5,1,0
BRF:11
BRH:0
end_of_record
TN:
SF:src/services/todos.js
FN:4,hydrateTodos
FN:6,(anonymous_1)
FN:7,(anonymous_2)
FN:12,(anonymous_3)
FN:13,(anonymous_4)
FN:14,(anonymous_5)
FN:15,(anonymous_6)
FN:16,(anonymous_7)
FN:24,getTodo
FN:33,assertFolder
FN:39,assertParents
FN:41,(anonymous_11)
FN:61,replaceRelations
FN:66,(anonymous_13)
FN:79,transaction
FNF:15
FNH:11
FNDA:4,hydrateTodos
FNDA:4,(anonymous_1)
FNDA:4,(anonymous_2)
FNDA:4,(anonymous_3)
FNDA:4,(anonymous_4)
FNDA:0,(anonymous_5)
FNDA:0,(anonymous_6)
FNDA:4,(anonymous_7)
FNDA:2,getTodo
FNDA:1,assertFolder
FNDA:1,assertParents
FNDA:0,(anonymous_11)
FNDA:1,replaceRelations
FNDA:0,(anonymous_13)
FNDA:1,transaction
DA:1,1
DA:2,1
DA:5,4
DA:6,4
DA:7,4
DA:8,4
DA:12,4
DA:13,4
DA:14,4
DA:15,4
DA:16,4
DA:25,2
DA:29,2
DA:30,1
DA:34,1
DA:35,0
DA:36,0
DA:40,1
DA:41,0
DA:42,0
DA:46,0
DA:47,0
DA:48,0
DA:50,0
DA:58,0
DA:62,1
DA:63,1
DA:64,1
DA:65,1
DA:66,0
DA:69,1
DA:70,1
DA:71,1
DA:72,0
DA:73,0
DA:74,0
DA:80,1
DA:81,1
DA:82,1
DA:83,1
DA:84,1
DA:85,1
DA:87,0
DA:88,0
DA:90,1
DA:94,1
LF:46
LH:31
BRDA:4,0,0,3
BRDA:5,1,0,0
BRDA:5,1,1,4
BRDA:24,2,0,1
BRDA:29,3,0,1
BRDA:29,3,1,1
BRDA:33,4,0,0
BRDA:34,5,0,1
BRDA:34,5,1,0
BRDA:36,6,0,0
BRDA:36,6,1,0
BRDA:40,7,0,1
BRDA:40,7,1,0
BRDA:46,8,0,0
BRDA:46,8,1,0
BRDA:47,9,0,0
BRDA:47,9,1,0
BRDA:48,10,0,0
BRDA:48,10,1,0
BRDA:58,11,0,0
BRDA:58,11,1,0
BRDA:62,12,0,1
BRDA:62,12,1,0
BRDA:65,13,0,0
BRDA:65,13,1,1
BRDA:69,14,0,1
BRDA:69,14,1,0
BRF:27
BRH:10
end_of_record
